<?xml version="1.0" encoding="UTF-8"?>
<!-- Generated by org.testng.reporters.JUnitReportReporter -->
<testsuite hostname="OnursPC" failures="0" tests="1" name="com.demoblaze.qa.DemoBlazeRegistration" time="12.598" errors="0" timestamp="2023-07-02T11:12:52 EDT" skipped="0">
  <testcase classname="com.demoblaze.qa.DemoBlazeRegistration" name="registrationPage" time="12.598"/>
  <system-out/>
</testsuite> <!-- com.demoblaze.qa.DemoBlazeRegistration -->
