<?xml version="1.0" encoding="UTF-8"?>
<!-- Generated by org.testng.reporters.JUnitReportReporter -->
<testsuite hostname="OnursPC" failures="0" tests="1" name="com.demoblaze.qa.DemoBlazeShoppingCart" time="8.509" errors="0" timestamp="2023-07-02T11:59:25 EDT" skipped="0">
  <testcase classname="com.demoblaze.qa.DemoBlazeShoppingCart" name="checkOutButtonWithProduct" time="8.509"/>
  <system-out/>
</testsuite> <!-- com.demoblaze.qa.DemoBlazeShoppingCart -->
