<?xml version="1.0" encoding="UTF-8"?>
<!-- Generated by org.testng.reporters.JUnitReportReporter -->
<testsuite hostname="OnursPC" failures="0" tests="1" name="com.demoblaze.qa.DemoBlazeHomePage" time="2.726" errors="0" timestamp="2023-07-02T12:19:45 EDT" skipped="0">
  <testcase classname="com.demoblaze.qa.DemoBlazeHomePage" name="insepctingAndVerifyingSomeElementsonHomePage" time="2.726"/>
  <system-out/>
</testsuite> <!-- com.demoblaze.qa.DemoBlazeHomePage -->
