<?xml version="1.0" encoding="UTF-8"?>
<!-- Generated by org.testng.reporters.JUnitReportReporter -->
<testsuite hostname="OnursPC" failures="0" tests="1" name="com.demoblaze.qa.test.DemoBlazeRegistration" time="14.108" errors="0" timestamp="2023-07-02T13:22:18 EDT" skipped="0">
  <testcase classname="com.demoblaze.qa.test.DemoBlazeRegistration" name="registrationPage" time="14.108"/>
  <system-out/>
</testsuite> <!-- com.demoblaze.qa.test.DemoBlazeRegistration -->
