<?xml version="1.0" encoding="UTF-8"?>
<!-- Generated by org.testng.reporters.JUnitReportReporter -->
<testsuite hostname="OnursPC" failures="0" tests="1" name="com.automationexercise.qa.testcases.TestCases" time="8.602" errors="0" timestamp="2023-06-27T09:33:02 EDT" skipped="0">
  <testcase classname="com.automationexercise.qa.testcases.TestCases" name="navigate" time="8.602"/>
  <system-out/>
</testsuite> <!-- com.automationexercise.qa.testcases.TestCases -->
