<?xml version="1.0" encoding="UTF-8"?>
<!-- Generated by org.testng.reporters.JUnitReportReporter -->
<testsuite hostname="OnursPC" failures="0" tests="1" name="com.automationexercise.qa.testcases.ShoppingCart" time="12.467" errors="0" timestamp="2023-06-29T22:19:35 EDT" skipped="0">
  <testcase classname="com.automationexercise.qa.testcases.ShoppingCart" name="checkOutButtonWithProduct" time="12.467"/>
  <system-out/>
</testsuite> <!-- com.automationexercise.qa.testcases.ShoppingCart -->
