<?xml version="1.0" encoding="UTF-8"?>
<!-- Generated by org.testng.reporters.JUnitReportReporter -->
<testsuite hostname="OnursPC" failures="0" tests="1" name="com.automationexercise.qa.testcases.Amazon" time="6.800" errors="0" timestamp="2023-06-27T22:58:58 EDT" skipped="0">
  <testcase classname="com.automationexercise.qa.testcases.Amazon" name="someTestCases" time="6.800"/>
  <system-out/>
</testsuite> <!-- com.automationexercise.qa.testcases.Amazon -->
