<?xml version="1.0" encoding="UTF-8"?>
<!-- Generated by org.testng.reporters.JUnitReportReporter -->
<testsuite hostname="OnursPC" failures="0" tests="1" name="com.demoblaze.qa.test.DemoBlazeShoppingCart" time="12.051" errors="0" timestamp="2023-07-02T13:28:36 EDT" skipped="0">
  <testcase classname="com.demoblaze.qa.test.DemoBlazeShoppingCart" name="checkOutButtonWithProduct" time="12.051"/>
  <system-out/>
</testsuite> <!-- com.demoblaze.qa.test.DemoBlazeShoppingCart -->
