<?xml version="1.0" encoding="UTF-8"?>
<!-- Generated by org.testng.reporters.JUnitReportReporter -->
<testsuite hostname="OnursPC" failures="0" tests="1" name="com.automationexercise.qa.testcases.DemoBlazeHomePage" time="2.785" errors="0" timestamp="2023-06-29T23:21:49 EDT" skipped="0">
  <testcase classname="com.automationexercise.qa.testcases.DemoBlazeHomePage" name="insepctingAndVerifyingSomeElementsonHomePage" time="2.785"/>
  <system-out/>
</testsuite> <!-- com.automationexercise.qa.testcases.DemoBlazeHomePage -->
