<?xml version="1.0" encoding="UTF-8"?>
<!-- Generated by org.testng.reporters.JUnitReportReporter -->
<testsuite hostname="OnursPC" failures="0" tests="1" name="com.automationexercise.qa.testcases.DemoBlazeRegistration" time="10.603" errors="0" timestamp="2023-06-28T22:58:00 EDT" skipped="0">
  <testcase classname="com.automationexercise.qa.testcases.DemoBlazeRegistration" name="registrationPage" time="10.603"/>
  <system-out/>
</testsuite> <!-- com.automationexercise.qa.testcases.DemoBlazeRegistration -->
